# JRE version: OpenJDK Runtime Environment Temurin-21.0.3+9 (21.0.3+9) (build 21.0.3+9-LTS)
# Java VM: OpenJDK 64-Bit Server VM Temurin-21.0.3+9 (21.0.3+9-LTS, mixed mode, tiered, compressed oops, compressed class ptrs, g1 gc, bsd-amd64)
Heap:
 garbage-first heap   total 75776K, used 44128K [0x0000000780000000, 0x0000000800000000)
  region size 1024K, 11 young (11264K), 5 survivors (5120K)
 Metaspace       used 56710K, committed 58304K, reserved 1114112K
  class space    used 7655K, committed 8448K, reserved 1048576K
GC Heap History (20 events):
Event: 8.120 GC heap before
{Heap before GC invocations=2 (full 0):
 garbage-first heap   total 131072K, used 36768K [0x0000000780000000, 0x0000000800000000)
  region size 1024K, 27 young (27648K), 3 survivors (3072K)
 Metaspace       used 12357K, committed 12544K, reserved 1114112K
  class space    used 1257K, committed 1344K, reserved 1048576K
}
Event: 8.129 GC heap after
{Heap after GC invocations=3 (full 0):
 garbage-first heap   total 131072K, used 16945K [0x0000000780000000, 0x0000000800000000)
  region size 1024K, 4 young (4096K), 4 survivors (4096K)
 Metaspace       used 12357K, committed 12544K, reserved 1114112K
  class space    used 1257K, committed 1344K, reserved 1048576K
}
Event: 13.247 GC heap before
{Heap before GC invocations=3 (full 0):
 garbage-first heap   total 131072K, used 45617K [0x0000000780000000, 0x0000000800000000)
  region size 1024K, 33 young (33792K), 4 survivors (4096K)
 Metaspace       used 21203K, committed 21504K, reserved 1114112K
  class space    used 2355K, committed 2496K, reserved 1048576K
}
Event: 13.288 GC heap after
{Heap after GC invocations=4 (full 0):
 garbage-first heap   total 131072K, used 20495K [0x0000000780000000, 0x0000000800000000)
  region size 1024K, 8 young (8192K), 8 survivors (8192K)
 Metaspace       used 21203K, committed 21504K, reserved 1114112K
  class space    used 2355K, committed 2496K, reserved 1048576K
}
Event: 17.874 GC heap before
{Heap before GC invocations=5 (full 0):
 garbage-first heap   total 75776K, used 56335K [0x0000000780000000, 0x0000000800000000)
  region size 1024K, 44 young (45056K), 8 survivors (8192K)
 Metaspace       used 27078K, committed 27584K, reserved 1114112K
  class space    used 3286K, committed 3520K, reserved 1048576K
}
Event: 17.891 GC heap after
{Heap after GC invocations=6 (full 0):
 garbage-first heap   total 75776K, used 22139K [0x0000000780000000, 0x0000000800000000)
  region size 1024K, 3 young (3072K), 3 survivors (3072K)
 Metaspace       used 27078K, committed 27584K, reserved 1114112K
  class space    used 3286K, committed 3520K, reserved 1048576K
}
Event: 20.748 GC heap before
{Heap before GC invocations=6 (full 0):
 garbage-first heap   total 75776K, used 57979K [0x0000000780000000, 0x0000000800000000)
  region size 1024K, 38 young (38912K), 3 survivors (3072K)
 Metaspace       used 31964K, committed 32704K, reserved 1114112K
  class space    used 4123K, committed 4480K, reserved 1048576K
}
Event: 20.755 GC heap after
{Heap after GC invocations=7 (full 0):
 garbage-first heap   total 75776K, used 24859K [0x0000000780000000, 0x0000000800000000)
  region size 1024K, 5 young (5120K), 5 survivors (5120K)
 Metaspace       used 31964K, committed 32704K, reserved 1114112K
  class space    used 4123K, committed 4480K, reserved 1048576K
}
Event: 22.585 GC heap before
{Heap before GC invocations=7 (full 0):
 garbage-first heap   total 75776K, used 48411K [0x0000000780000000, 0x0000000800000000)
  region size 1024K, 29 young (29696K), 5 survivors (5120K)
 Metaspace       used 35116K, committed 35968K, reserved 1114112K
  class space    used 4610K, committed 5056K, reserved 1048576K
}
Event: 22.593 GC heap after
{Heap after GC invocations=8 (full 0):
 garbage-first heap   total 75776K, used 26092K [0x0000000780000000, 0x0000000800000000)
  region size 1024K, 4 young (4096K), 4 survivors (4096K)
 Metaspace       used 35116K, committed 35968K, reserved 1114112K
  class space    used 4610K, committed 5056K, reserved 1048576K
}
Event: 25.133 GC heap before
{Heap before GC invocations=9 (full 0):
 garbage-first heap   total 75776K, used 63980K [0x0000000780000000, 0x0000000800000000)
  region size 1024K, 41 young (41984K), 4 survivors (4096K)
 Metaspace       used 40441K, committed 41664K, reserved 1114112K
  class space    used 5476K, committed 6080K, reserved 1048576K
}
Event: 25.144 GC heap after
{Heap after GC invocations=10 (full 0):
 garbage-first heap   total 75776K, used 28672K [0x0000000780000000, 0x0000000800000000)
  region size 1024K, 4 young (4096K), 4 survivors (4096K)
 Metaspace       used 40441K, committed 41664K, reserved 1114112K
  class space    used 5476K, committed 6080K, reserved 1048576K
}
Event: 27.081 GC heap before
{Heap before GC invocations=10 (full 0):
 garbage-first heap   total 75776K, used 63488K [0x0000000780000000, 0x0000000800000000)
  region size 1024K, 39 young (39936K), 4 survivors (4096K)
 Metaspace       used 45079K, committed 46272K, reserved 1114112K
  class space    used 5910K, committed 6528K, reserved 1048576K
}
Event: 27.096 GC heap after
{Heap after GC invocations=11 (full 0):
 garbage-first heap   total 75776K, used 32565K [0x0000000780000000, 0x0000000800000000)
  region size 1024K, 5 young (5120K), 5 survivors (5120K)
 Metaspace       used 45079K, committed 46272K, reserved 1114112K
  class space    used 5910K, committed 6528K, reserved 1048576K
}
Event: 28.846 GC heap before
{Heap before GC invocations=11 (full 0):
 garbage-first heap   total 75776K, used 68405K [0x0000000780000000, 0x0000000800000000)
  region size 1024K, 35 young (35840K), 5 survivors (5120K)
 Metaspace       used 49114K, committed 50560K, reserved 1114112K
  class space    used 6460K, committed 7168K, reserved 1048576K
}
Event: 28.853 GC heap after
{Heap after GC invocations=12 (full 0):
 garbage-first heap   total 75776K, used 33660K [0x0000000780000000, 0x0000000800000000)
  region size 1024K, 3 young (3072K), 3 survivors (3072K)
 Metaspace       used 49114K, committed 50560K, reserved 1114112K
  class space    used 6460K, committed 7168K, reserved 1048576K
}
Event: 30.749 GC heap before
{Heap before GC invocations=12 (full 0):
 garbage-first heap   total 75776K, used 64380K [0x0000000780000000, 0x0000000800000000)
  region size 1024K, 33 young (33792K), 3 survivors (3072K)
 Metaspace       used 52492K, committed 53952K, reserved 1114112K
  class space    used 7014K, committed 7744K, reserved 1048576K
}
Event: 30.756 GC heap after
{Heap after GC invocations=13 (full 0):
 garbage-first heap   total 75776K, used 35740K [0x0000000780000000, 0x0000000800000000)
  region size 1024K, 5 young (5120K), 5 survivors (5120K)
 Metaspace       used 52492K, committed 53952K, reserved 1114112K
  class space    used 7014K, committed 7744K, reserved 1048576K
}
Event: 32.959 GC heap before
{Heap before GC invocations=13 (full 0):
 garbage-first heap   total 75776K, used 64412K [0x0000000780000000, 0x0000000800000000)
  region size 1024K, 33 young (33792K), 5 survivors (5120K)
 Metaspace       used 56102K, committed 57600K, reserved 1114112K
  class space    used 7559K, committed 8256K, reserved 1048576K
}
Event: 33.053 GC heap after
{Heap after GC invocations=14 (full 0):
 garbage-first heap   total 75776K, used 37984K [0x0000000780000000, 0x0000000800000000)
  region size 1024K, 5 young (5120K), 5 survivors (5120K)
 Metaspace       used 56102K, committed 57600K, reserved 1114112K
  class space    used 7559K, committed 8256K, reserved 1048576K
}

