# JRE version: OpenJDK Runtime Environment Temurin-21.0.3+9 (21.0.3+9) (build 21.0.3+9-LTS)
# Java VM: OpenJDK 64-Bit Server VM Temurin-21.0.3+9 (21.0.3+9-LTS, mixed mode, tiered, compressed oops, compressed class ptrs, g1 gc, bsd-amd64)
Heap:
 garbage-first heap   total 81920K, used 52573K [0x0000000780000000, 0x0000000800000000)
  region size 1024K, 17 young (17408K), 5 survivors (5120K)
 Metaspace       used 64236K, committed 65728K, reserved 1114112K
  class space    used 8673K, committed 9408K, reserved 1048576K
GC Heap History (20 events):
Event: 8.097 GC heap before
{Heap before GC invocations=3 (full 0):
 garbage-first heap   total 131072K, used 41771K [0x0000000780000000, 0x0000000800000000)
  region size 1024K, 29 young (29696K), 4 survivors (4096K)
 Metaspace       used 21201K, committed 21504K, reserved 1114112K
  class space    used 2357K, committed 2496K, reserved 1048576K
}
Event: 8.106 GC heap after
{Heap after GC invocations=4 (full 0):
 garbage-first heap   total 131072K, used 20505K [0x0000000780000000, 0x0000000800000000)
  region size 1024K, 8 young (8192K), 8 survivors (8192K)
 Metaspace       used 21201K, committed 21504K, reserved 1114112K
  class space    used 2357K, committed 2496K, reserved 1048576K
}
Event: 10.813 GC heap before
{Heap before GC invocations=5 (full 0):
 garbage-first heap   total 78848K, used 58393K [0x0000000780000000, 0x0000000800000000)
  region size 1024K, 46 young (47104K), 8 survivors (8192K)
 Metaspace       used 27421K, committed 27968K, reserved 1114112K
  class space    used 3346K, committed 3584K, reserved 1048576K
}
Event: 10.834 GC heap after
{Heap after GC invocations=6 (full 0):
 garbage-first heap   total 78848K, used 22780K [0x0000000780000000, 0x0000000800000000)
  region size 1024K, 6 young (6144K), 6 survivors (6144K)
 Metaspace       used 27421K, committed 27968K, reserved 1114112K
  class space    used 3346K, committed 3584K, reserved 1048576K
}
Event: 15.612 GC heap before
{Heap before GC invocations=6 (full 0):
 garbage-first heap   total 78848K, used 61692K [0x0000000780000000, 0x0000000800000000)
  region size 1024K, 44 young (45056K), 6 survivors (6144K)
 Metaspace       used 32843K, committed 33664K, reserved 1114112K
  class space    used 4226K, committed 4608K, reserved 1048576K
}
Event: 15.628 GC heap after
{Heap after GC invocations=7 (full 0):
 garbage-first heap   total 78848K, used 24716K [0x0000000780000000, 0x0000000800000000)
  region size 1024K, 5 young (5120K), 5 survivors (5120K)
 Metaspace       used 32843K, committed 33664K, reserved 1114112K
  class space    used 4226K, committed 4608K, reserved 1048576K
}
Event: 17.622 GC heap before
{Heap before GC invocations=7 (full 0):
 garbage-first heap   total 78848K, used 44172K [0x0000000780000000, 0x0000000800000000)
  region size 1024K, 25 young (25600K), 5 survivors (5120K)
 Metaspace       used 35149K, committed 36096K, reserved 1114112K
  class space    used 4619K, committed 5120K, reserved 1048576K
}
Event: 17.635 GC heap after
{Heap after GC invocations=8 (full 0):
 garbage-first heap   total 78848K, used 25452K [0x0000000780000000, 0x0000000800000000)
  region size 1024K, 4 young (4096K), 4 survivors (4096K)
 Metaspace       used 35149K, committed 36096K, reserved 1114112K
  class space    used 4619K, committed 5120K, reserved 1048576K
}
Event: 22.376 GC heap before
{Heap before GC invocations=9 (full 0):
 garbage-first heap   total 78848K, used 65388K [0x0000000780000000, 0x0000000800000000)
  region size 1024K, 44 young (45056K), 4 survivors (4096K)
 Metaspace       used 41384K, committed 42560K, reserved 1114112K
  class space    used 5498K, committed 6080K, reserved 1048576K
}
Event: 22.389 GC heap after
{Heap after GC invocations=10 (full 0):
 garbage-first heap   total 78848K, used 28017K [0x0000000780000000, 0x0000000800000000)
  region size 1024K, 4 young (4096K), 4 survivors (4096K)
 Metaspace       used 41384K, committed 42560K, reserved 1114112K
  class space    used 5498K, committed 6080K, reserved 1048576K
}
Event: 25.244 GC heap before
{Heap before GC invocations=10 (full 0):
 garbage-first heap   total 78848K, used 66929K [0x0000000780000000, 0x0000000800000000)
  region size 1024K, 42 young (43008K), 4 survivors (4096K)
 Metaspace       used 44023K, committed 45184K, reserved 1114112K
  class space    used 5932K, committed 6528K, reserved 1048576K
}
Event: 25.257 GC heap after
{Heap after GC invocations=11 (full 0):
 garbage-first heap   total 78848K, used 30197K [0x0000000780000000, 0x0000000800000000)
  region size 1024K, 5 young (5120K), 5 survivors (5120K)
 Metaspace       used 44023K, committed 45184K, reserved 1114112K
  class space    used 5932K, committed 6528K, reserved 1048576K
}
Event: 29.509 GC heap before
{Heap before GC invocations=11 (full 0):
 garbage-first heap   total 78848K, used 68085K [0x0000000780000000, 0x0000000800000000)
  region size 1024K, 42 young (43008K), 5 survivors (5120K)
 Metaspace       used 50396K, committed 51584K, reserved 1114112K
  class space    used 6629K, committed 7232K, reserved 1048576K
}
Event: 29.531 GC heap after
{Heap after GC invocations=12 (full 0):
 garbage-first heap   total 78848K, used 33878K [0x0000000780000000, 0x0000000800000000)
  region size 1024K, 6 young (6144K), 6 survivors (6144K)
 Metaspace       used 50396K, committed 51584K, reserved 1114112K
  class space    used 6629K, committed 7232K, reserved 1048576K
}
Event: 32.501 GC heap before
{Heap before GC invocations=12 (full 0):
 garbage-first heap   total 78848K, used 70742K [0x0000000780000000, 0x0000000800000000)
  region size 1024K, 38 young (38912K), 6 survivors (6144K)
 Metaspace       used 54927K, committed 56320K, reserved 1114112K
  class space    used 7267K, committed 7936K, reserved 1048576K
}
Event: 32.534 GC heap after
{Heap after GC invocations=13 (full 0):
 garbage-first heap   total 81920K, used 36784K [0x0000000780000000, 0x0000000800000000)
  region size 1024K, 3 young (3072K), 3 survivors (3072K)
 Metaspace       used 54927K, committed 56320K, reserved 1114112K
  class space    used 7267K, committed 7936K, reserved 1048576K
}
Event: 34.417 GC heap before
{Heap before GC invocations=13 (full 0):
 garbage-first heap   total 81920K, used 68528K [0x0000000780000000, 0x0000000800000000)
  region size 1024K, 35 young (35840K), 3 survivors (3072K)
 Metaspace       used 58905K, committed 60288K, reserved 1114112K
  class space    used 7852K, committed 8512K, reserved 1048576K
}
Event: 34.425 GC heap after
{Heap after GC invocations=14 (full 0):
 garbage-first heap   total 81920K, used 37825K [0x0000000780000000, 0x0000000800000000)
  region size 1024K, 4 young (4096K), 4 survivors (4096K)
 Metaspace       used 58905K, committed 60288K, reserved 1114112K
  class space    used 7852K, committed 8512K, reserved 1048576K
}
Event: 37.202 GC heap before
{Heap before GC invocations=15 (full 0):
 garbage-first heap   total 81920K, used 72641K [0x0000000780000000, 0x0000000800000000)
  region size 1024K, 38 young (38912K), 4 survivors (4096K)
 Metaspace       used 62447K, committed 64000K, reserved 1114112K
  class space    used 8400K, committed 9152K, reserved 1048576K
}
Event: 37.213 GC heap after
{Heap after GC invocations=16 (full 0):
 garbage-first heap   total 81920K, used 40795K [0x0000000780000000, 0x0000000800000000)
  region size 1024K, 5 young (5120K), 5 survivors (5120K)
 Metaspace       used 62447K, committed 64000K, reserved 1114112K
  class space    used 8400K, committed 9152K, reserved 1048576K
}

